2025-04-02 03:29:43,226 - WARNING - CropBox missing from /Page, defaulting to MediaBox
2025-04-02 03:29:43,230 - WARNING - CropBox missing from /Page, defaulting to MediaBox
2025-04-02 03:29:43,230 - WARNING - CropBox missing from /Page, defaulting to MediaBox
2025-04-02 03:29:43,234 - WARNING - CropBox missing from /Page, defaulting to MediaBox
2025-04-02 03:29:43,236 - WARNING - CropBox missing from /Page, defaulting to MediaBox
2025-04-02 03:29:43,237 - WARNING - CropBox missing from /Page, defaulting to MediaBox
2025-04-02 03:29:43,239 - WARNING - CropBox missing from /Page, defaulting to MediaBox
2025-04-02 03:29:43,240 - WARNING - CropBox missing from /Page, defaulting to MediaBox
2025-04-02 03:29:43,242 - WARNING - CropBox missing from /Page, defaulting to MediaBox
2025-04-02 03:29:43,244 - WARNING - CropBox missing from /Page, defaulting to MediaBox
2025-04-02 03:29:43,245 - WARNING - CropBox missing from /Page, defaulting to MediaBox
2025-04-02 03:29:43,247 - WARNING - CropBox missing from /Page, defaulting to MediaBox
2025-04-02 03:29:43,248 - WARNING - CropBox missing from /Page, defaulting to MediaBox
2025-04-02 03:29:43,249 - WARNING - CropBox missing from /Page, defaulting to MediaBox
2025-04-02 03:29:44,526 - WARNING - CropBox missing from /Page, defaulting to MediaBox
2025-04-02 03:29:44,526 - WARNING - CropBox missing from /Page, defaulting to MediaBox
2025-04-02 03:29:44,526 - WARNING - CropBox missing from /Page, defaulting to MediaBox
2025-04-02 03:29:44,526 - WARNING - CropBox missing from /Page, defaulting to MediaBox
2025-04-02 03:29:44,526 - WARNING - CropBox missing from /Page, defaulting to MediaBox
2025-04-02 03:29:44,529 - WARNING - CropBox missing from /Page, defaulting to MediaBox
2025-04-02 03:29:44,529 - WARNING - CropBox missing from /Page, defaulting to MediaBox
2025-04-02 03:29:44,529 - WARNING - CropBox missing from /Page, defaulting to MediaBox
2025-04-02 03:29:44,530 - WARNING - CropBox missing from /Page, defaulting to MediaBox
2025-04-02 03:29:44,530 - WARNING - CropBox missing from /Page, defaulting to MediaBox
2025-04-02 03:29:44,530 - WARNING - CropBox missing from /Page, defaulting to MediaBox
2025-04-02 03:29:44,530 - WARNING - CropBox missing from /Page, defaulting to MediaBox
2025-04-02 03:29:44,530 - WARNING - CropBox missing from /Page, defaulting to MediaBox
2025-04-02 03:29:44,530 - WARNING - CropBox missing from /Page, defaulting to MediaBox
2025-04-02 03:29:44,530 - INFO - Used pdfplumber for extraction
2025-04-02 03:29:44,539 - WARNING - No reference section found
2025-04-02 03:37:59,311 - WARNING - CropBox missing from /Page, defaulting to MediaBox
2025-04-02 03:37:59,312 - WARNING - CropBox missing from /Page, defaulting to MediaBox
2025-04-02 03:37:59,312 - WARNING - CropBox missing from /Page, defaulting to MediaBox
2025-04-02 03:37:59,312 - WARNING - CropBox missing from /Page, defaulting to MediaBox
2025-04-02 03:37:59,312 - WARNING - CropBox missing from /Page, defaulting to MediaBox
2025-04-02 03:37:59,312 - WARNING - CropBox missing from /Page, defaulting to MediaBox
2025-04-02 03:37:59,317 - WARNING - CropBox missing from /Page, defaulting to MediaBox
2025-04-02 03:37:59,318 - WARNING - CropBox missing from /Page, defaulting to MediaBox
2025-04-02 03:37:59,320 - WARNING - CropBox missing from /Page, defaulting to MediaBox
2025-04-02 03:37:59,322 - WARNING - CropBox missing from /Page, defaulting to MediaBox
2025-04-02 03:37:59,323 - WARNING - CropBox missing from /Page, defaulting to MediaBox
2025-04-02 03:37:59,326 - WARNING - CropBox missing from /Page, defaulting to MediaBox
2025-04-02 03:37:59,327 - WARNING - CropBox missing from /Page, defaulting to MediaBox
2025-04-02 03:37:59,329 - WARNING - CropBox missing from /Page, defaulting to MediaBox
2025-04-02 03:38:00,591 - WARNING - CropBox missing from /Page, defaulting to MediaBox
2025-04-02 03:38:00,592 - WARNING - CropBox missing from /Page, defaulting to MediaBox
2025-04-02 03:38:00,592 - WARNING - CropBox missing from /Page, defaulting to MediaBox
2025-04-02 03:38:00,592 - WARNING - CropBox missing from /Page, defaulting to MediaBox
2025-04-02 03:38:00,592 - WARNING - CropBox missing from /Page, defaulting to MediaBox
2025-04-02 03:38:00,592 - WARNING - CropBox missing from /Page, defaulting to MediaBox
2025-04-02 03:38:00,592 - WARNING - CropBox missing from /Page, defaulting to MediaBox
2025-04-02 03:38:00,592 - WARNING - CropBox missing from /Page, defaulting to MediaBox
2025-04-02 03:38:00,592 - WARNING - CropBox missing from /Page, defaulting to MediaBox
2025-04-02 03:38:00,592 - WARNING - CropBox missing from /Page, defaulting to MediaBox
2025-04-02 03:38:00,592 - WARNING - CropBox missing from /Page, defaulting to MediaBox
2025-04-02 03:38:00,592 - WARNING - CropBox missing from /Page, defaulting to MediaBox
2025-04-02 03:38:00,592 - WARNING - CropBox missing from /Page, defaulting to MediaBox
2025-04-02 03:38:00,592 - WARNING - CropBox missing from /Page, defaulting to MediaBox
2025-04-02 03:38:00,597 - INFO - Used pdfplumber for extraction
2025-04-02 03:38:00,603 - WARNING - No reference section found
2025-04-02 03:42:46,274 - WARNING - CropBox missing from /Page, defaulting to MediaBox
2025-04-02 03:42:46,276 - WARNING - CropBox missing from /Page, defaulting to MediaBox
2025-04-02 03:42:46,276 - WARNING - CropBox missing from /Page, defaulting to MediaBox
2025-04-02 03:42:46,276 - WARNING - CropBox missing from /Page, defaulting to MediaBox
2025-04-02 03:42:46,276 - WARNING - CropBox missing from /Page, defaulting to MediaBox
2025-04-02 03:42:46,281 - WARNING - CropBox missing from /Page, defaulting to MediaBox
2025-04-02 03:42:46,282 - WARNING - CropBox missing from /Page, defaulting to MediaBox
2025-04-02 03:42:46,283 - WARNING - CropBox missing from /Page, defaulting to MediaBox
2025-04-02 03:42:46,284 - WARNING - CropBox missing from /Page, defaulting to MediaBox
2025-04-02 03:42:46,285 - WARNING - CropBox missing from /Page, defaulting to MediaBox
2025-04-02 03:42:46,285 - WARNING - CropBox missing from /Page, defaulting to MediaBox
2025-04-02 03:42:46,290 - WARNING - CropBox missing from /Page, defaulting to MediaBox
2025-04-02 03:42:46,293 - WARNING - CropBox missing from /Page, defaulting to MediaBox
2025-04-02 03:42:46,295 - WARNING - CropBox missing from /Page, defaulting to MediaBox
2025-04-02 03:42:47,583 - WARNING - CropBox missing from /Page, defaulting to MediaBox
2025-04-02 03:42:47,583 - WARNING - CropBox missing from /Page, defaulting to MediaBox
2025-04-02 03:42:47,583 - WARNING - CropBox missing from /Page, defaulting to MediaBox
2025-04-02 03:42:47,583 - WARNING - CropBox missing from /Page, defaulting to MediaBox
2025-04-02 03:42:47,583 - WARNING - CropBox missing from /Page, defaulting to MediaBox
2025-04-02 03:42:47,583 - WARNING - CropBox missing from /Page, defaulting to MediaBox
2025-04-02 03:42:47,583 - WARNING - CropBox missing from /Page, defaulting to MediaBox
2025-04-02 03:42:47,583 - WARNING - CropBox missing from /Page, defaulting to MediaBox
2025-04-02 03:42:47,583 - WARNING - CropBox missing from /Page, defaulting to MediaBox
2025-04-02 03:42:47,583 - WARNING - CropBox missing from /Page, defaulting to MediaBox
2025-04-02 03:42:47,583 - WARNING - CropBox missing from /Page, defaulting to MediaBox
2025-04-02 03:42:47,583 - WARNING - CropBox missing from /Page, defaulting to MediaBox
2025-04-02 03:42:47,583 - WARNING - CropBox missing from /Page, defaulting to MediaBox
2025-04-02 03:42:47,583 - WARNING - CropBox missing from /Page, defaulting to MediaBox
2025-04-02 03:42:47,583 - INFO - Used pdfplumber for extraction
2025-04-02 03:42:54,157 - WARNING - No reference section found
2025-04-02 03:43:52,281 - ERROR - Processing failed: cannot access local variable 'cleaned_text' where it is not associated with a value
2025-04-02 03:45:15,822 - WARNING - CropBox missing from /Page, defaulting to MediaBox
2025-04-02 03:45:15,824 - WARNING - CropBox missing from /Page, defaulting to MediaBox
2025-04-02 03:45:15,824 - WARNING - CropBox missing from /Page, defaulting to MediaBox
2025-04-02 03:45:15,824 - WARNING - CropBox missing from /Page, defaulting to MediaBox
2025-04-02 03:45:15,824 - WARNING - CropBox missing from /Page, defaulting to MediaBox
2025-04-02 03:45:15,824 - WARNING - CropBox missing from /Page, defaulting to MediaBox
2025-04-02 03:45:15,831 - WARNING - CropBox missing from /Page, defaulting to MediaBox
2025-04-02 03:45:15,831 - WARNING - CropBox missing from /Page, defaulting to MediaBox
2025-04-02 03:45:15,832 - WARNING - CropBox missing from /Page, defaulting to MediaBox
2025-04-02 03:45:15,834 - WARNING - CropBox missing from /Page, defaulting to MediaBox
2025-04-02 03:45:15,835 - WARNING - CropBox missing from /Page, defaulting to MediaBox
2025-04-02 03:45:15,837 - WARNING - CropBox missing from /Page, defaulting to MediaBox
2025-04-02 03:45:15,839 - WARNING - CropBox missing from /Page, defaulting to MediaBox
2025-04-02 03:45:15,840 - WARNING - CropBox missing from /Page, defaulting to MediaBox
2025-04-02 03:45:17,073 - WARNING - CropBox missing from /Page, defaulting to MediaBox
2025-04-02 03:45:17,073 - WARNING - CropBox missing from /Page, defaulting to MediaBox
2025-04-02 03:45:17,073 - WARNING - CropBox missing from /Page, defaulting to MediaBox
2025-04-02 03:45:17,073 - WARNING - CropBox missing from /Page, defaulting to MediaBox
2025-04-02 03:45:17,073 - WARNING - CropBox missing from /Page, defaulting to MediaBox
2025-04-02 03:45:17,073 - WARNING - CropBox missing from /Page, defaulting to MediaBox
2025-04-02 03:45:17,073 - WARNING - CropBox missing from /Page, defaulting to MediaBox
2025-04-02 03:45:17,073 - WARNING - CropBox missing from /Page, defaulting to MediaBox
2025-04-02 03:45:17,073 - WARNING - CropBox missing from /Page, defaulting to MediaBox
2025-04-02 03:45:17,073 - WARNING - CropBox missing from /Page, defaulting to MediaBox
2025-04-02 03:45:17,073 - WARNING - CropBox missing from /Page, defaulting to MediaBox
2025-04-02 03:45:17,073 - WARNING - CropBox missing from /Page, defaulting to MediaBox
2025-04-02 03:45:17,073 - WARNING - CropBox missing from /Page, defaulting to MediaBox
2025-04-02 03:45:17,073 - WARNING - CropBox missing from /Page, defaulting to MediaBox
2025-04-02 03:45:17,073 - INFO - Used pdfplumber for extraction
2025-04-02 03:45:23,770 - WARNING - No reference section found
2025-04-02 03:51:58,727 - WARNING - CropBox missing from /Page, defaulting to MediaBox
2025-04-02 03:51:58,735 - WARNING - CropBox missing from /Page, defaulting to MediaBox
2025-04-02 03:51:58,736 - WARNING - CropBox missing from /Page, defaulting to MediaBox
2025-04-02 03:51:58,737 - WARNING - CropBox missing from /Page, defaulting to MediaBox
2025-04-02 03:51:58,738 - WARNING - CropBox missing from /Page, defaulting to MediaBox
2025-04-02 03:51:58,739 - WARNING - CropBox missing from /Page, defaulting to MediaBox
2025-04-02 03:51:58,740 - WARNING - CropBox missing from /Page, defaulting to MediaBox
2025-04-02 03:51:58,742 - WARNING - CropBox missing from /Page, defaulting to MediaBox
2025-04-02 03:51:58,742 - WARNING - CropBox missing from /Page, defaulting to MediaBox
2025-04-02 03:51:58,743 - WARNING - CropBox missing from /Page, defaulting to MediaBox
2025-04-02 03:51:58,744 - WARNING - CropBox missing from /Page, defaulting to MediaBox
2025-04-02 03:51:58,746 - WARNING - CropBox missing from /Page, defaulting to MediaBox
2025-04-02 03:51:58,747 - WARNING - CropBox missing from /Page, defaulting to MediaBox
2025-04-02 03:51:58,748 - WARNING - CropBox missing from /Page, defaulting to MediaBox
2025-04-02 03:52:00,012 - WARNING - CropBox missing from /Page, defaulting to MediaBox
2025-04-02 03:52:00,013 - WARNING - CropBox missing from /Page, defaulting to MediaBox
2025-04-02 03:52:00,013 - WARNING - CropBox missing from /Page, defaulting to MediaBox
2025-04-02 03:52:00,014 - WARNING - CropBox missing from /Page, defaulting to MediaBox
2025-04-02 03:52:00,014 - WARNING - CropBox missing from /Page, defaulting to MediaBox
2025-04-02 03:52:00,014 - WARNING - CropBox missing from /Page, defaulting to MediaBox
2025-04-02 03:52:00,015 - WARNING - CropBox missing from /Page, defaulting to MediaBox
2025-04-02 03:52:00,015 - WARNING - CropBox missing from /Page, defaulting to MediaBox
2025-04-02 03:52:00,016 - WARNING - CropBox missing from /Page, defaulting to MediaBox
2025-04-02 03:52:00,016 - WARNING - CropBox missing from /Page, defaulting to MediaBox
2025-04-02 03:52:00,016 - WARNING - CropBox missing from /Page, defaulting to MediaBox
2025-04-02 03:52:00,016 - WARNING - CropBox missing from /Page, defaulting to MediaBox
2025-04-02 03:52:00,017 - WARNING - CropBox missing from /Page, defaulting to MediaBox
2025-04-02 03:52:00,018 - WARNING - CropBox missing from /Page, defaulting to MediaBox
2025-04-02 03:52:00,018 - INFO - Used pdfplumber for extraction
2025-04-02 03:52:14,566 - WARNING - No reference section found
2025-04-02 03:52:50,675 - WARNING - CropBox missing from /Page, defaulting to MediaBox
2025-04-02 03:52:50,677 - WARNING - CropBox missing from /Page, defaulting to MediaBox
2025-04-02 03:52:50,678 - WARNING - CropBox missing from /Page, defaulting to MediaBox
2025-04-02 03:52:50,679 - WARNING - CropBox missing from /Page, defaulting to MediaBox
2025-04-02 03:52:50,680 - WARNING - CropBox missing from /Page, defaulting to MediaBox
2025-04-02 03:52:50,681 - WARNING - CropBox missing from /Page, defaulting to MediaBox
2025-04-02 03:52:50,682 - WARNING - CropBox missing from /Page, defaulting to MediaBox
2025-04-02 03:52:50,684 - WARNING - CropBox missing from /Page, defaulting to MediaBox
2025-04-02 03:52:50,684 - WARNING - CropBox missing from /Page, defaulting to MediaBox
2025-04-02 03:52:50,686 - WARNING - CropBox missing from /Page, defaulting to MediaBox
2025-04-02 03:52:50,687 - WARNING - CropBox missing from /Page, defaulting to MediaBox
2025-04-02 03:52:50,688 - WARNING - CropBox missing from /Page, defaulting to MediaBox
2025-04-02 03:52:50,690 - WARNING - CropBox missing from /Page, defaulting to MediaBox
2025-04-02 03:52:50,691 - WARNING - CropBox missing from /Page, defaulting to MediaBox
2025-04-02 03:52:51,947 - WARNING - CropBox missing from /Page, defaulting to MediaBox
2025-04-02 03:52:51,948 - WARNING - CropBox missing from /Page, defaulting to MediaBox
2025-04-02 03:52:51,948 - WARNING - CropBox missing from /Page, defaulting to MediaBox
2025-04-02 03:52:51,948 - WARNING - CropBox missing from /Page, defaulting to MediaBox
2025-04-02 03:52:51,948 - WARNING - CropBox missing from /Page, defaulting to MediaBox
2025-04-02 03:52:51,948 - WARNING - CropBox missing from /Page, defaulting to MediaBox
2025-04-02 03:52:51,948 - WARNING - CropBox missing from /Page, defaulting to MediaBox
2025-04-02 03:52:51,948 - WARNING - CropBox missing from /Page, defaulting to MediaBox
2025-04-02 03:52:51,948 - WARNING - CropBox missing from /Page, defaulting to MediaBox
2025-04-02 03:52:51,948 - WARNING - CropBox missing from /Page, defaulting to MediaBox
2025-04-02 03:52:51,948 - WARNING - CropBox missing from /Page, defaulting to MediaBox
2025-04-02 03:52:51,948 - WARNING - CropBox missing from /Page, defaulting to MediaBox
2025-04-02 03:52:51,948 - WARNING - CropBox missing from /Page, defaulting to MediaBox
2025-04-02 03:52:51,948 - WARNING - CropBox missing from /Page, defaulting to MediaBox
2025-04-02 03:52:51,948 - INFO - Used pdfplumber for extraction
2025-04-02 03:53:07,139 - WARNING - No reference section found
2025-04-02 03:53:13,987 - WARNING - CropBox missing from /Page, defaulting to MediaBox
2025-04-02 03:53:13,996 - WARNING - CropBox missing from /Page, defaulting to MediaBox
2025-04-02 03:53:13,996 - WARNING - CropBox missing from /Page, defaulting to MediaBox
2025-04-02 03:53:13,996 - WARNING - CropBox missing from /Page, defaulting to MediaBox
2025-04-02 03:53:13,996 - WARNING - CropBox missing from /Page, defaulting to MediaBox
2025-04-02 03:53:14,002 - WARNING - CropBox missing from /Page, defaulting to MediaBox
2025-04-02 03:53:14,003 - WARNING - CropBox missing from /Page, defaulting to MediaBox
2025-04-02 03:53:14,004 - WARNING - CropBox missing from /Page, defaulting to MediaBox
2025-04-02 03:53:14,006 - WARNING - CropBox missing from /Page, defaulting to MediaBox
2025-04-02 03:53:14,007 - WARNING - CropBox missing from /Page, defaulting to MediaBox
2025-04-02 03:53:14,009 - WARNING - CropBox missing from /Page, defaulting to MediaBox
2025-04-02 03:53:14,010 - WARNING - CropBox missing from /Page, defaulting to MediaBox
2025-04-02 03:53:14,011 - WARNING - CropBox missing from /Page, defaulting to MediaBox
2025-04-02 03:53:14,012 - WARNING - CropBox missing from /Page, defaulting to MediaBox
2025-04-02 03:53:15,297 - WARNING - CropBox missing from /Page, defaulting to MediaBox
2025-04-02 03:53:15,297 - WARNING - CropBox missing from /Page, defaulting to MediaBox
2025-04-02 03:53:15,297 - WARNING - CropBox missing from /Page, defaulting to MediaBox
2025-04-02 03:53:15,305 - WARNING - CropBox missing from /Page, defaulting to MediaBox
2025-04-02 03:53:15,305 - WARNING - CropBox missing from /Page, defaulting to MediaBox
2025-04-02 03:53:15,305 - WARNING - CropBox missing from /Page, defaulting to MediaBox
2025-04-02 03:53:15,306 - WARNING - CropBox missing from /Page, defaulting to MediaBox
2025-04-02 03:53:15,306 - WARNING - CropBox missing from /Page, defaulting to MediaBox
2025-04-02 03:53:15,306 - WARNING - CropBox missing from /Page, defaulting to MediaBox
2025-04-02 03:53:15,306 - WARNING - CropBox missing from /Page, defaulting to MediaBox
2025-04-02 03:53:15,306 - WARNING - CropBox missing from /Page, defaulting to MediaBox
2025-04-02 03:53:15,306 - WARNING - CropBox missing from /Page, defaulting to MediaBox
2025-04-02 03:53:15,306 - WARNING - CropBox missing from /Page, defaulting to MediaBox
2025-04-02 03:53:15,306 - WARNING - CropBox missing from /Page, defaulting to MediaBox
2025-04-02 03:53:15,306 - INFO - Used pdfplumber for extraction
2025-04-02 03:53:29,907 - WARNING - No reference section found
2025-04-02 03:54:47,094 - WARNING - CropBox missing from /Page, defaulting to MediaBox
2025-04-02 03:54:47,096 - WARNING - CropBox missing from /Page, defaulting to MediaBox
2025-04-02 03:54:47,097 - WARNING - CropBox missing from /Page, defaulting to MediaBox
2025-04-02 03:54:47,097 - WARNING - CropBox missing from /Page, defaulting to MediaBox
2025-04-02 03:54:47,098 - WARNING - CropBox missing from /Page, defaulting to MediaBox
2025-04-02 03:54:47,099 - WARNING - CropBox missing from /Page, defaulting to MediaBox
2025-04-02 03:54:47,100 - WARNING - CropBox missing from /Page, defaulting to MediaBox
2025-04-02 03:54:47,101 - WARNING - CropBox missing from /Page, defaulting to MediaBox
2025-04-02 03:54:47,102 - WARNING - CropBox missing from /Page, defaulting to MediaBox
2025-04-02 03:54:47,103 - WARNING - CropBox missing from /Page, defaulting to MediaBox
2025-04-02 03:54:47,105 - WARNING - CropBox missing from /Page, defaulting to MediaBox
2025-04-02 03:54:47,106 - WARNING - CropBox missing from /Page, defaulting to MediaBox
2025-04-02 03:54:47,108 - WARNING - CropBox missing from /Page, defaulting to MediaBox
2025-04-02 03:54:47,110 - WARNING - CropBox missing from /Page, defaulting to MediaBox
2025-04-02 03:54:48,380 - WARNING - CropBox missing from /Page, defaulting to MediaBox
2025-04-02 03:54:48,380 - WARNING - CropBox missing from /Page, defaulting to MediaBox
2025-04-02 03:54:48,380 - WARNING - CropBox missing from /Page, defaulting to MediaBox
2025-04-02 03:54:48,380 - WARNING - CropBox missing from /Page, defaulting to MediaBox
2025-04-02 03:54:48,380 - WARNING - CropBox missing from /Page, defaulting to MediaBox
2025-04-02 03:54:48,380 - WARNING - CropBox missing from /Page, defaulting to MediaBox
2025-04-02 03:54:48,384 - WARNING - CropBox missing from /Page, defaulting to MediaBox
2025-04-02 03:54:48,384 - WARNING - CropBox missing from /Page, defaulting to MediaBox
2025-04-02 03:54:48,385 - WARNING - CropBox missing from /Page, defaulting to MediaBox
2025-04-02 03:54:48,386 - WARNING - CropBox missing from /Page, defaulting to MediaBox
2025-04-02 03:54:48,386 - WARNING - CropBox missing from /Page, defaulting to MediaBox
2025-04-02 03:54:48,387 - WARNING - CropBox missing from /Page, defaulting to MediaBox
2025-04-02 03:54:48,387 - WARNING - CropBox missing from /Page, defaulting to MediaBox
2025-04-02 03:54:48,387 - WARNING - CropBox missing from /Page, defaulting to MediaBox
2025-04-02 03:54:48,387 - INFO - Used pdfplumber for extraction
2025-04-02 03:55:03,509 - WARNING - No reference section found
2025-04-02 03:59:09,639 - INFO - Used ocr for extraction
2025-04-02 04:00:13,971 - INFO - Used ocr for extraction
2025-04-02 04:04:25,887 - INFO - Used ocr for extraction
2025-04-02 04:12:40,578 - INFO - Used ocr for extraction
2025-04-02 04:12:45,115 - WARNING - crossref verification failed: name 'ref_hash' is not defined
2025-04-02 04:12:47,155 - WARNING - opencitations verification failed: 404 Client Error: Not Found for url: https://opencitations.net/index/api/v1/references?doi=ccccccessecsseeeeseecesseessseeesseecessecesseeesseeesseesessesesseeesseecsseesesseeessseeeaeeceseesesseseessessaseceseesensesenses+12
2025-04-02 04:12:47,155 - ERROR - URL verification failed: Invalid URL 'ccccccessecsseeeeseecesseessseeesseecessecesseeesseeesseesessesesseeesseecsseesesseeessseeeaeeceseesesseseessessaseceseesensesenses 12': No scheme supplied. Perhaps you meant https://ccccccessecsseeeeseecesseessseeesseecessecesseeesseeesseesessesesseeesseecsseesesseeessseeeaeeceseesesseseessessaseceseesensesenses 12?
2025-04-02 04:17:23,599 - INFO - Used ocr for extraction
2025-04-02 04:17:23,608 - ERROR - Processing failed: name 'encoded_ref' is not defined
2025-04-02 04:19:12,288 - INFO - Used ocr for extraction
2025-04-02 04:20:49,080 - WARNING - CropBox missing from /Page, defaulting to MediaBox
2025-04-02 04:20:49,085 - WARNING - CropBox missing from /Page, defaulting to MediaBox
2025-04-02 04:20:49,087 - WARNING - CropBox missing from /Page, defaulting to MediaBox
2025-04-02 04:20:49,088 - WARNING - CropBox missing from /Page, defaulting to MediaBox
2025-04-02 04:20:49,090 - WARNING - CropBox missing from /Page, defaulting to MediaBox
2025-04-02 04:20:49,093 - WARNING - CropBox missing from /Page, defaulting to MediaBox
2025-04-02 04:20:49,095 - WARNING - CropBox missing from /Page, defaulting to MediaBox
2025-04-02 04:20:49,097 - WARNING - CropBox missing from /Page, defaulting to MediaBox
2025-04-02 04:20:49,100 - WARNING - CropBox missing from /Page, defaulting to MediaBox
2025-04-02 04:20:49,102 - WARNING - CropBox missing from /Page, defaulting to MediaBox
2025-04-02 04:20:49,105 - WARNING - CropBox missing from /Page, defaulting to MediaBox
2025-04-02 04:20:49,108 - WARNING - CropBox missing from /Page, defaulting to MediaBox
2025-04-02 04:20:49,110 - WARNING - CropBox missing from /Page, defaulting to MediaBox
2025-04-02 04:20:49,110 - WARNING - CropBox missing from /Page, defaulting to MediaBox
2025-04-02 04:20:51,067 - WARNING - CropBox missing from /Page, defaulting to MediaBox
2025-04-02 04:20:51,067 - WARNING - CropBox missing from /Page, defaulting to MediaBox
2025-04-02 04:20:51,067 - WARNING - CropBox missing from /Page, defaulting to MediaBox
2025-04-02 04:20:51,067 - WARNING - CropBox missing from /Page, defaulting to MediaBox
2025-04-02 04:20:51,072 - WARNING - CropBox missing from /Page, defaulting to MediaBox
2025-04-02 04:20:51,072 - WARNING - CropBox missing from /Page, defaulting to MediaBox
2025-04-02 04:20:51,072 - WARNING - CropBox missing from /Page, defaulting to MediaBox
2025-04-02 04:20:51,072 - WARNING - CropBox missing from /Page, defaulting to MediaBox
2025-04-02 04:20:51,075 - WARNING - CropBox missing from /Page, defaulting to MediaBox
2025-04-02 04:20:51,075 - WARNING - CropBox missing from /Page, defaulting to MediaBox
2025-04-02 04:20:51,076 - WARNING - CropBox missing from /Page, defaulting to MediaBox
2025-04-02 04:20:51,077 - WARNING - CropBox missing from /Page, defaulting to MediaBox
2025-04-02 04:20:51,078 - WARNING - CropBox missing from /Page, defaulting to MediaBox
2025-04-02 04:20:51,078 - WARNING - CropBox missing from /Page, defaulting to MediaBox
2025-04-02 04:20:51,080 - INFO - Used pdfplumber for extraction
2025-04-02 04:23:07,200 - INFO - Used ocr for extraction
2025-04-02 04:26:09,385 - INFO - Used ocr for extraction
2025-04-02 04:29:14,725 - INFO - Used ocr for extraction
2025-04-02 04:33:19,580 - INFO - Used ocr for extraction
2025-04-02 04:36:23,675 - INFO - Used ocr for extraction
2025-04-02 04:44:12,320 - WARNING - CropBox missing from /Page, defaulting to MediaBox
2025-04-02 04:44:12,323 - WARNING - CropBox missing from /Page, defaulting to MediaBox
2025-04-02 04:44:12,325 - WARNING - CropBox missing from /Page, defaulting to MediaBox
2025-04-02 04:44:12,325 - WARNING - CropBox missing from /Page, defaulting to MediaBox
2025-04-02 04:44:12,327 - WARNING - CropBox missing from /Page, defaulting to MediaBox
2025-04-02 04:44:12,328 - WARNING - CropBox missing from /Page, defaulting to MediaBox
2025-04-02 04:44:12,328 - WARNING - CropBox missing from /Page, defaulting to MediaBox
2025-04-02 04:44:12,331 - WARNING - CropBox missing from /Page, defaulting to MediaBox
2025-04-02 04:44:12,334 - WARNING - CropBox missing from /Page, defaulting to MediaBox
2025-04-02 04:44:12,337 - WARNING - CropBox missing from /Page, defaulting to MediaBox
2025-04-02 04:44:12,342 - WARNING - CropBox missing from /Page, defaulting to MediaBox
2025-04-02 04:44:12,343 - WARNING - CropBox missing from /Page, defaulting to MediaBox
2025-04-02 04:44:12,345 - WARNING - CropBox missing from /Page, defaulting to MediaBox
2025-04-02 04:44:12,350 - WARNING - CropBox missing from /Page, defaulting to MediaBox
2025-04-02 04:44:14,437 - WARNING - CropBox missing from /Page, defaulting to MediaBox
2025-04-02 04:44:14,437 - WARNING - CropBox missing from /Page, defaulting to MediaBox
2025-04-02 04:44:14,437 - WARNING - CropBox missing from /Page, defaulting to MediaBox
2025-04-02 04:44:14,437 - WARNING - CropBox missing from /Page, defaulting to MediaBox
2025-04-02 04:44:14,437 - WARNING - CropBox missing from /Page, defaulting to MediaBox
2025-04-02 04:44:14,437 - WARNING - CropBox missing from /Page, defaulting to MediaBox
2025-04-02 04:44:14,437 - WARNING - CropBox missing from /Page, defaulting to MediaBox
2025-04-02 04:44:14,437 - WARNING - CropBox missing from /Page, defaulting to MediaBox
2025-04-02 04:44:14,453 - WARNING - CropBox missing from /Page, defaulting to MediaBox
2025-04-02 04:44:14,453 - WARNING - CropBox missing from /Page, defaulting to MediaBox
2025-04-02 04:44:14,454 - WARNING - CropBox missing from /Page, defaulting to MediaBox
2025-04-02 04:44:14,454 - WARNING - CropBox missing from /Page, defaulting to MediaBox
2025-04-02 04:44:14,454 - WARNING - CropBox missing from /Page, defaulting to MediaBox
2025-04-02 04:44:14,457 - WARNING - CropBox missing from /Page, defaulting to MediaBox
2025-04-02 04:44:14,459 - INFO - Used pdfplumber for extraction
2025-04-02 04:50:25,499 - WARNING - CropBox missing from /Page, defaulting to MediaBox
2025-04-02 04:50:25,503 - WARNING - CropBox missing from /Page, defaulting to MediaBox
2025-04-02 04:50:25,733 - WARNING - CropBox missing from /Page, defaulting to MediaBox
2025-04-02 04:50:25,733 - WARNING - CropBox missing from /Page, defaulting to MediaBox
2025-04-02 04:50:25,736 - INFO - Used pdfplumber for extraction
